The Daemon Server is not running

Messages from the log:
[NX Daemon Server] - 2024-08-24T14:12:41.630Z - [WATCHER]: Processing file changes in outputs
[NX Daemon Server] - 2024-08-24T14:12:43.621Z - [WATCHER]: Processing file changes in outputs
[NX Daemon Server] - 2024-08-24T14:12:43.623Z - [WATCHER]: Processing file changes in outputs
[NX Daemon Server] - 2024-08-24T14:12:43.624Z - [WATCHER]: Processing file changes in outputs
[NX Daemon Server] - 2024-08-24T14:12:44.546Z - [WATCHER]: Processing file changes in outputs
[NX Daemon Server] - 2024-08-24T14:12:44.546Z - [WATCHER]: Processing file changes in outputs
[NX Daemon Server] - 2024-08-24T14:12:44.547Z - [WATCHER]: Processing file changes in outputs
[NX Daemon Server] - 2024-08-24T14:12:44.601Z - [WATCHER]: Processing file changes in outputs
[NX Daemon Server] - 2024-08-24T14:12:44.603Z - [WATCHER]: Processing file changes in outputs
[NX Daemon Server] - 2024-08-24T14:12:44.606Z - [WATCHER]: Processing file changes in outputs
[NX Daemon Server] - 2024-08-24T14:13:40.932Z - [WATCHER]: .nx/cache/d/server-process.json was deleted
[NX Daemon Server] - 2024-08-24T14:13:40.936Z - [WATCHER]: Stopping the watcher for /Users/ian/FSDMA_Bundle (sources)
[NX Daemon Server] - 2024-08-24T14:13:40.936Z - [WATCHER]: Stopping the watcher for /Users/ian/FSDMA_Bundle (outputs)
[NX Daemon Server] - 2024-08-24T14:13:40.936Z - Server stopped because: "this process is no longer the current daemon (native)"
[NX Daemon Server] - 2024-08-24T14:13:40.945Z - [WATCHER]: .nx/cache/d/server-process.json was deleted
[NX Daemon Server] - 2024-08-24T14:13:40.947Z - [WATCHER]: Stopping the watcher for /Users/ian/FSDMA_Bundle (sources)
[NX Daemon Server] - 2024-08-24T14:13:40.948Z - [WATCHER]: Stopping the watcher for /Users/ian/FSDMA_Bundle (outputs)
[NX Daemon Server] - 2024-08-24T14:13:40.948Z - Server stopped because: "this process is no longer the current daemon (native)"
[NX Daemon Server] - 2024-08-24T14:14:36.932Z - Started listening on: /var/folders/tl/s80ksg0n0jv504n7ty98s2v00000gn/T/ab680fcee34db8fc035b/d.sock



More information: /Users/ian/FSDMA_Bundle/.nx/cache/d/daemon.log